Determining if the function sgemm_ exists failed with the following output:
Change Dir: /usr/local/zed/samples/object detection/custom detector/cpp/tensorrt_yolov5-v6-v8_onnx/build/CMakeFiles/CMakeTmp

Run Build Command(s):/usr/bin/gmake -f Makefile cmTC_997a1/fast && /usr/bin/gmake  -f CMakeFiles/cmTC_997a1.dir/build.make CMakeFiles/cmTC_997a1.dir/build
gmake[1]: Entering directory '/usr/local/zed/samples/object detection/custom detector/cpp/tensorrt_yolov5-v6-v8_onnx/build/CMakeFiles/CMakeTmp'
Building C object CMakeFiles/cmTC_997a1.dir/CheckFunctionExists.c.o
/usr/bin/cc   -DCHECK_FUNCTION_EXISTS=sgemm_ -o CMakeFiles/cmTC_997a1.dir/CheckFunctionExists.c.o -c /usr/share/cmake-3.22/Modules/CheckFunctionExists.c
Linking C executable cmTC_997a1
/usr/bin/cmake -E cmake_link_script CMakeFiles/cmTC_997a1.dir/link.txt --verbose=1
/usr/bin/cc  -DCHECK_FUNCTION_EXISTS=sgemm_ CMakeFiles/cmTC_997a1.dir/CheckFunctionExists.c.o -o cmTC_997a1 
/usr/bin/ld: CMakeFiles/cmTC_997a1.dir/CheckFunctionExists.c.o: in function `main':
CheckFunctionExists.c:(.text+0x14): undefined reference to `sgemm_'
collect2: error: ld returned 1 exit status
gmake[1]: *** [CMakeFiles/cmTC_997a1.dir/build.make:99: cmTC_997a1] Error 1
gmake[1]: Leaving directory '/usr/local/zed/samples/object detection/custom detector/cpp/tensorrt_yolov5-v6-v8_onnx/build/CMakeFiles/CMakeTmp'
gmake: *** [Makefile:127: cmTC_997a1/fast] Error 2



Determining if the function sgemm_ exists failed with the following output:
Change Dir: /home/ubuntu/Desktop/workspaces/DroneDetectionMocap/zed_tensorrt_yolov8_onnx/build/CMakeFiles/CMakeTmp

Run Build Command(s):/usr/bin/gmake -f Makefile cmTC_f39ae/fast && /usr/bin/gmake  -f CMakeFiles/cmTC_f39ae.dir/build.make CMakeFiles/cmTC_f39ae.dir/build
gmake[1]: Entering directory '/home/ubuntu/Desktop/workspaces/DroneDetectionMocap/zed_tensorrt_yolov8_onnx/build/CMakeFiles/CMakeTmp'
Building C object CMakeFiles/cmTC_f39ae.dir/CheckFunctionExists.c.o
/usr/bin/cc   -DCHECK_FUNCTION_EXISTS=sgemm_ -o CMakeFiles/cmTC_f39ae.dir/CheckFunctionExists.c.o -c /usr/share/cmake-3.22/Modules/CheckFunctionExists.c
Linking C executable cmTC_f39ae
/usr/bin/cmake -E cmake_link_script CMakeFiles/cmTC_f39ae.dir/link.txt --verbose=1
/usr/bin/cc  -DCHECK_FUNCTION_EXISTS=sgemm_ CMakeFiles/cmTC_f39ae.dir/CheckFunctionExists.c.o -o cmTC_f39ae 
/usr/bin/ld: CMakeFiles/cmTC_f39ae.dir/CheckFunctionExists.c.o: in function `main':
CheckFunctionExists.c:(.text+0x14): undefined reference to `sgemm_'
collect2: error: ld returned 1 exit status
gmake[1]: *** [CMakeFiles/cmTC_f39ae.dir/build.make:99: cmTC_f39ae] Error 1
gmake[1]: Leaving directory '/home/ubuntu/Desktop/workspaces/DroneDetectionMocap/zed_tensorrt_yolov8_onnx/build/CMakeFiles/CMakeTmp'
gmake: *** [Makefile:127: cmTC_f39ae/fast] Error 2



Determining if the function sgemm_ exists failed with the following output:
Change Dir: /home/ubuntu/Desktop/workspaces/DroneDetectionMocap/zed_tensorrt_yolov8_onnx/build/CMakeFiles/CMakeTmp

Run Build Command(s):/usr/bin/gmake -f Makefile cmTC_6be83/fast && /usr/bin/gmake  -f CMakeFiles/cmTC_6be83.dir/build.make CMakeFiles/cmTC_6be83.dir/build
gmake[1]: Entering directory '/home/ubuntu/Desktop/workspaces/DroneDetectionMocap/zed_tensorrt_yolov8_onnx/build/CMakeFiles/CMakeTmp'
Building C object CMakeFiles/cmTC_6be83.dir/CheckFunctionExists.c.o
/usr/bin/cc   -DCHECK_FUNCTION_EXISTS=sgemm_ -o CMakeFiles/cmTC_6be83.dir/CheckFunctionExists.c.o -c /usr/share/cmake-3.22/Modules/CheckFunctionExists.c
Linking C executable cmTC_6be83
/usr/bin/cmake -E cmake_link_script CMakeFiles/cmTC_6be83.dir/link.txt --verbose=1
/usr/bin/cc  -DCHECK_FUNCTION_EXISTS=sgemm_ CMakeFiles/cmTC_6be83.dir/CheckFunctionExists.c.o -o cmTC_6be83 
/usr/bin/ld: CMakeFiles/cmTC_6be83.dir/CheckFunctionExists.c.o: in function `main':
CheckFunctionExists.c:(.text+0x14): undefined reference to `sgemm_'
collect2: error: ld returned 1 exit status
gmake[1]: *** [CMakeFiles/cmTC_6be83.dir/build.make:99: cmTC_6be83] Error 1
gmake[1]: Leaving directory '/home/ubuntu/Desktop/workspaces/DroneDetectionMocap/zed_tensorrt_yolov8_onnx/build/CMakeFiles/CMakeTmp'
gmake: *** [Makefile:127: cmTC_6be83/fast] Error 2



